2016-10-14 12:50:50.290 [main] INFO  eu.operando.moduleclients.ClientAuthenticationApiOperandoClient requestServiceTicketUsingTgt - Requesting new ST
2016-10-14 12:50:50.307 [main] INFO  eu.operando.moduleclients.ClientAuthenticationApiOperandoClient updateTgt - Requesting new TGT
2016-10-14 12:50:50.308 [main] INFO  eu.operando.moduleclients.ClientAuthenticationApiOperandoClient requestServiceTicketUsingTgt - Requesting new ST
2016-10-14 12:50:50.310 [main] INFO  eu.operando.moduleclients.ClientAuthenticationApiOperandoClient requestServiceTicket - TGT invalid
2016-10-14 12:50:50.311 [main] INFO  eu.operando.moduleclients.ClientAuthenticationApiOperandoClient updateTgt - Requesting new TGT
2016-10-14 12:50:50.311 [main] INFO  eu.operando.moduleclients.ClientAuthenticationApiOperandoClient requestServiceTicketUsingTgt - Requesting new ST
2016-10-14 12:50:50.320 [main] INFO  eu.operando.moduleclients.ClientAuthenticationApiOperandoClient updateTgt - Requesting new TGT
2016-10-14 12:50:50.320 [main] INFO  eu.operando.moduleclients.ClientAuthenticationApiOperandoClient requestServiceTicketUsingTgt - Requesting new ST
2016-10-14 12:50:50.320 [main] INFO  eu.operando.moduleclients.ClientAuthenticationApiOperandoClient requestServiceTicketUsingTgt - Requesting new ST
2016-10-14 12:50:50.321 [main] INFO  eu.operando.moduleclients.ClientAuthenticationApiOperandoClient updateTgt - Requesting new TGT
2016-10-14 12:50:50.321 [main] INFO  eu.operando.moduleclients.ClientAuthenticationApiOperandoClient requestServiceTicketUsingTgt - Requesting new ST
2016-10-14 12:50:50.322 [main] INFO  eu.operando.moduleclients.ClientAuthenticationApiOperandoClient updateTgt - Requesting new TGT
2016-10-14 12:50:50.322 [main] INFO  eu.operando.moduleclients.ClientAuthenticationApiOperandoClient updateTgt - Requesting new TGT
2016-10-14 12:50:50.322 [main] INFO  eu.operando.moduleclients.ClientAuthenticationApiOperandoClient requestServiceTicketUsingTgt - Requesting new ST
2016-10-14 12:50:51.774 [main] ERROR eu.operando.moduleclients.ClientAuthenticationApiOperandoService interpretResponseTicketValidation - Request to Authentication Service was not successful. Status code: 404, response body: '<html>
<head>
<meta http-equiv="Content-Type" content="text/html;charset=ISO-8859-1"/>
<title>Error 404 </title>
</head>
<body>
<h2>HTTP ERROR: 404</h2>
<p>Problem accessing /__files/authentication/aapi/tickets/qwerty1234/validate. Reason:
<pre>    Not Found</pre></p>
<hr /><i><small>Powered by Jetty://</small></i>
</body>
</html>
'.
2016-10-14 12:50:51.854 [main] ERROR eu.operando.moduleclients.ClientAuthenticationApiOperandoService interpretResponseTicketValidation - Request to Authentication Service was not successful. Status code: 404, response body: '<html>
<head>
<meta http-equiv="Content-Type" content="text/html;charset=ISO-8859-1"/>
<title>Error 404 </title>
</head>
<body>
<h2>HTTP ERROR: 404</h2>
<p>Problem accessing /__files/authentication/aapi/tickets/qwerty1234/validate. Reason:
<pre>    Not Found</pre></p>
<hr /><i><small>Powered by Jetty://</small></i>
</body>
</html>
'.
2016-10-14 12:50:51.926 [main] ERROR eu.operando.moduleclients.ClientAuthenticationApiOperandoService interpretResponseTicketValidation - Request to Authentication Service was not successful. Status code: 404, response body: '<html>
<head>
<meta http-equiv="Content-Type" content="text/html;charset=ISO-8859-1"/>
<title>Error 404 </title>
</head>
<body>
<h2>HTTP ERROR: 404</h2>
<p>Problem accessing /__files/authentication/aapi/tickets/qwerty1234/validate. Reason:
<pre>    Not Found</pre></p>
<hr /><i><small>Powered by Jetty://</small></i>
</body>
</html>
'.
2016-10-14 12:50:52.022 [main] ERROR eu.operando.moduleclients.ClientAuthenticationApiOperandoService interpretResponseTicketValidation - Request to Authentication Service was not successful. Status code: 404, response body: '<html>
<head>
<meta http-equiv="Content-Type" content="text/html;charset=ISO-8859-1"/>
<title>Error 404 </title>
</head>
<body>
<h2>HTTP ERROR: 404</h2>
<p>Problem accessing /__files/authentication/aapi/tickets/qwerty1234/validate. Reason:
<pre>    Not Found</pre></p>
<hr /><i><small>Powered by Jetty://</small></i>
</body>
</html>
'.
2016-10-14 12:50:52.107 [main] ERROR eu.operando.moduleclients.ClientAuthenticationApiOperandoService interpretResponseTicketValidation - Request to Authentication Service was not successful. Status code: 404, response body: '<html>
<head>
<meta http-equiv="Content-Type" content="text/html;charset=ISO-8859-1"/>
<title>Error 404 </title>
</head>
<body>
<h2>HTTP ERROR: 404</h2>
<p>Problem accessing /__files/authentication/aapi/tickets/qwerty1234/validate. Reason:
<pre>    Not Found</pre></p>
<hr /><i><small>Powered by Jetty://</small></i>
</body>
</html>
'.
2016-10-14 12:50:52.230 [main] ERROR eu.operando.moduleclients.ClientAuthenticationApiOperandoService interpretResponseTicketValidation - Request to Authentication Service was not successful. Status code: 404, response body: '<html>
<head>
<meta http-equiv="Content-Type" content="text/html;charset=ISO-8859-1"/>
<title>Error 404 </title>
</head>
<body>
<h2>HTTP ERROR: 404</h2>
<p>Problem accessing /__files/authentication/aapi/tickets/qwerty1234/validate. Reason:
<pre>    Not Found</pre></p>
<hr /><i><small>Powered by Jetty://</small></i>
</body>
</html>
'.
2016-10-14 12:52:17.327 [main] INFO  eu.operando.moduleclients.ClientAuthenticationApiOperandoClient updateTgt - Requesting new TGT
2016-10-14 12:52:17.328 [main] INFO  eu.operando.moduleclients.ClientAuthenticationApiOperandoClient requestServiceTicketUsingTgt - Requesting new ST
2016-10-14 12:52:17.330 [main] INFO  eu.operando.moduleclients.ClientAuthenticationApiOperandoClient updateTgt - Requesting new TGT
2016-10-14 12:52:17.330 [main] INFO  eu.operando.moduleclients.ClientAuthenticationApiOperandoClient requestServiceTicketUsingTgt - Requesting new ST
2016-10-14 12:52:17.333 [main] INFO  eu.operando.moduleclients.ClientAuthenticationApiOperandoClient requestServiceTicket - TGT invalid
2016-10-14 12:52:17.333 [main] INFO  eu.operando.moduleclients.ClientAuthenticationApiOperandoClient updateTgt - Requesting new TGT
2016-10-14 12:52:17.333 [main] INFO  eu.operando.moduleclients.ClientAuthenticationApiOperandoClient requestServiceTicketUsingTgt - Requesting new ST
2016-10-14 12:52:17.340 [main] INFO  eu.operando.moduleclients.ClientAuthenticationApiOperandoClient updateTgt - Requesting new TGT
2016-10-14 12:52:17.340 [main] INFO  eu.operando.moduleclients.ClientAuthenticationApiOperandoClient requestServiceTicketUsingTgt - Requesting new ST
2016-10-14 12:52:17.340 [main] INFO  eu.operando.moduleclients.ClientAuthenticationApiOperandoClient requestServiceTicketUsingTgt - Requesting new ST
2016-10-14 12:52:17.341 [main] INFO  eu.operando.moduleclients.ClientAuthenticationApiOperandoClient updateTgt - Requesting new TGT
2016-10-14 12:52:17.341 [main] INFO  eu.operando.moduleclients.ClientAuthenticationApiOperandoClient requestServiceTicketUsingTgt - Requesting new ST
2016-10-14 12:52:17.342 [main] INFO  eu.operando.moduleclients.ClientAuthenticationApiOperandoClient updateTgt - Requesting new TGT
2016-10-14 12:52:17.342 [main] INFO  eu.operando.moduleclients.ClientAuthenticationApiOperandoClient updateTgt - Requesting new TGT
2016-10-14 12:52:17.342 [main] INFO  eu.operando.moduleclients.ClientAuthenticationApiOperandoClient requestServiceTicketUsingTgt - Requesting new ST
2016-10-14 12:52:18.438 [main] ERROR eu.operando.moduleclients.ClientAuthenticationApiOperandoService interpretResponseTicketValidation - Request to Authentication Service was not successful. Status code: 404, response body: '<html>
<head>
<meta http-equiv="Content-Type" content="text/html;charset=ISO-8859-1"/>
<title>Error 404 </title>
</head>
<body>
<h2>HTTP ERROR: 404</h2>
<p>Problem accessing /__files/authentication/aapi/tickets/qwerty1234/validate. Reason:
<pre>    Not Found</pre></p>
<hr /><i><small>Powered by Jetty://</small></i>
</body>
</html>
'.
2016-10-14 12:56:06.741 [main] INFO  eu.operando.moduleclients.ClientAuthenticationApiOperandoClient updateTgt - Requesting new TGT
2016-10-14 12:56:06.743 [main] INFO  eu.operando.moduleclients.ClientAuthenticationApiOperandoClient requestServiceTicketUsingTgt - Requesting new ST
2016-10-14 12:56:06.746 [main] INFO  eu.operando.moduleclients.ClientAuthenticationApiOperandoClient updateTgt - Requesting new TGT
2016-10-14 12:56:06.746 [main] INFO  eu.operando.moduleclients.ClientAuthenticationApiOperandoClient requestServiceTicketUsingTgt - Requesting new ST
2016-10-14 12:56:06.749 [main] INFO  eu.operando.moduleclients.ClientAuthenticationApiOperandoClient requestServiceTicket - TGT invalid
2016-10-14 12:56:06.749 [main] INFO  eu.operando.moduleclients.ClientAuthenticationApiOperandoClient updateTgt - Requesting new TGT
2016-10-14 12:56:06.749 [main] INFO  eu.operando.moduleclients.ClientAuthenticationApiOperandoClient requestServiceTicketUsingTgt - Requesting new ST
2016-10-14 12:56:06.755 [main] INFO  eu.operando.moduleclients.ClientAuthenticationApiOperandoClient updateTgt - Requesting new TGT
2016-10-14 12:56:06.756 [main] INFO  eu.operando.moduleclients.ClientAuthenticationApiOperandoClient requestServiceTicketUsingTgt - Requesting new ST
2016-10-14 12:56:06.756 [main] INFO  eu.operando.moduleclients.ClientAuthenticationApiOperandoClient requestServiceTicketUsingTgt - Requesting new ST
2016-10-14 12:56:06.757 [main] INFO  eu.operando.moduleclients.ClientAuthenticationApiOperandoClient updateTgt - Requesting new TGT
2016-10-14 12:56:06.757 [main] INFO  eu.operando.moduleclients.ClientAuthenticationApiOperandoClient requestServiceTicketUsingTgt - Requesting new ST
2016-10-14 12:56:06.758 [main] INFO  eu.operando.moduleclients.ClientAuthenticationApiOperandoClient updateTgt - Requesting new TGT
2016-10-14 12:56:06.759 [main] INFO  eu.operando.moduleclients.ClientAuthenticationApiOperandoClient updateTgt - Requesting new TGT
2016-10-14 12:56:06.759 [main] INFO  eu.operando.moduleclients.ClientAuthenticationApiOperandoClient requestServiceTicketUsingTgt - Requesting new ST
2016-10-14 12:56:51.815 [main] INFO  eu.operando.moduleclients.ClientAuthenticationApiOperandoClient updateTgt - Requesting new TGT
2016-10-14 12:56:51.816 [main] INFO  eu.operando.moduleclients.ClientAuthenticationApiOperandoClient requestServiceTicketUsingTgt - Requesting new ST
2016-10-14 12:56:51.817 [main] INFO  eu.operando.moduleclients.ClientAuthenticationApiOperandoClient updateTgt - Requesting new TGT
2016-10-14 12:56:51.818 [main] INFO  eu.operando.moduleclients.ClientAuthenticationApiOperandoClient requestServiceTicketUsingTgt - Requesting new ST
2016-10-14 12:56:51.820 [main] INFO  eu.operando.moduleclients.ClientAuthenticationApiOperandoClient requestServiceTicket - TGT invalid
2016-10-14 12:56:51.820 [main] INFO  eu.operando.moduleclients.ClientAuthenticationApiOperandoClient updateTgt - Requesting new TGT
2016-10-14 12:56:51.820 [main] INFO  eu.operando.moduleclients.ClientAuthenticationApiOperandoClient requestServiceTicketUsingTgt - Requesting new ST
2016-10-14 12:56:51.828 [main] INFO  eu.operando.moduleclients.ClientAuthenticationApiOperandoClient updateTgt - Requesting new TGT
2016-10-14 12:56:51.828 [main] INFO  eu.operando.moduleclients.ClientAuthenticationApiOperandoClient requestServiceTicketUsingTgt - Requesting new ST
2016-10-14 12:56:51.828 [main] INFO  eu.operando.moduleclients.ClientAuthenticationApiOperandoClient requestServiceTicketUsingTgt - Requesting new ST
2016-10-14 12:56:51.829 [main] INFO  eu.operando.moduleclients.ClientAuthenticationApiOperandoClient updateTgt - Requesting new TGT
2016-10-14 12:56:51.829 [main] INFO  eu.operando.moduleclients.ClientAuthenticationApiOperandoClient requestServiceTicketUsingTgt - Requesting new ST
2016-10-14 12:56:51.830 [main] INFO  eu.operando.moduleclients.ClientAuthenticationApiOperandoClient updateTgt - Requesting new TGT
2016-10-14 12:56:51.831 [main] INFO  eu.operando.moduleclients.ClientAuthenticationApiOperandoClient updateTgt - Requesting new TGT
2016-10-14 12:56:51.831 [main] INFO  eu.operando.moduleclients.ClientAuthenticationApiOperandoClient requestServiceTicketUsingTgt - Requesting new ST
2016-10-14 12:58:47.141 [main] INFO  eu.operando.moduleclients.ClientAuthenticationApiOperandoClient updateTgt - Requesting new TGT
2016-10-14 12:58:47.142 [main] INFO  eu.operando.moduleclients.ClientAuthenticationApiOperandoClient requestServiceTicketUsingTgt - Requesting new ST
2016-10-14 12:58:47.144 [main] INFO  eu.operando.moduleclients.ClientAuthenticationApiOperandoClient updateTgt - Requesting new TGT
2016-10-14 12:58:47.144 [main] INFO  eu.operando.moduleclients.ClientAuthenticationApiOperandoClient requestServiceTicketUsingTgt - Requesting new ST
2016-10-14 12:58:47.146 [main] INFO  eu.operando.moduleclients.ClientAuthenticationApiOperandoClient requestServiceTicket - TGT invalid
2016-10-14 12:58:47.146 [main] INFO  eu.operando.moduleclients.ClientAuthenticationApiOperandoClient updateTgt - Requesting new TGT
2016-10-14 12:58:47.146 [main] INFO  eu.operando.moduleclients.ClientAuthenticationApiOperandoClient requestServiceTicketUsingTgt - Requesting new ST
2016-10-14 12:58:47.147 [main] INFO  eu.operando.moduleclients.ClientAuthenticationApiOperandoClient updateTgt - Requesting new TGT
2016-10-14 12:58:47.147 [main] INFO  eu.operando.moduleclients.ClientAuthenticationApiOperandoClient requestServiceTicketUsingTgt - Requesting new ST
2016-10-14 12:58:47.147 [main] INFO  eu.operando.moduleclients.ClientAuthenticationApiOperandoClient requestServiceTicketUsingTgt - Requesting new ST
2016-10-14 12:58:47.148 [main] INFO  eu.operando.moduleclients.ClientAuthenticationApiOperandoClient updateTgt - Requesting new TGT
2016-10-14 12:58:47.148 [main] INFO  eu.operando.moduleclients.ClientAuthenticationApiOperandoClient requestServiceTicketUsingTgt - Requesting new ST
2016-10-14 12:58:47.149 [main] INFO  eu.operando.moduleclients.ClientAuthenticationApiOperandoClient updateTgt - Requesting new TGT
2016-10-14 12:58:47.149 [main] INFO  eu.operando.moduleclients.ClientAuthenticationApiOperandoClient updateTgt - Requesting new TGT
2016-10-14 12:58:47.150 [main] INFO  eu.operando.moduleclients.ClientAuthenticationApiOperandoClient requestServiceTicketUsingTgt - Requesting new ST
2016-10-14 13:02:06.685 [main] INFO  eu.operando.moduleclients.ClientAuthenticationApiOperandoClient updateTgt - Requesting new TGT
2016-10-14 13:02:06.687 [main] INFO  eu.operando.moduleclients.ClientAuthenticationApiOperandoClient requestServiceTicketUsingTgt - Requesting new ST
2016-10-14 13:02:06.689 [main] INFO  eu.operando.moduleclients.ClientAuthenticationApiOperandoClient updateTgt - Requesting new TGT
2016-10-14 13:02:06.689 [main] INFO  eu.operando.moduleclients.ClientAuthenticationApiOperandoClient requestServiceTicketUsingTgt - Requesting new ST
2016-10-14 13:02:06.691 [main] INFO  eu.operando.moduleclients.ClientAuthenticationApiOperandoClient requestServiceTicket - TGT invalid
2016-10-14 13:02:06.691 [main] INFO  eu.operando.moduleclients.ClientAuthenticationApiOperandoClient updateTgt - Requesting new TGT
2016-10-14 13:02:06.691 [main] INFO  eu.operando.moduleclients.ClientAuthenticationApiOperandoClient requestServiceTicketUsingTgt - Requesting new ST
2016-10-14 13:02:06.692 [main] INFO  eu.operando.moduleclients.ClientAuthenticationApiOperandoClient updateTgt - Requesting new TGT
2016-10-14 13:02:06.692 [main] INFO  eu.operando.moduleclients.ClientAuthenticationApiOperandoClient requestServiceTicketUsingTgt - Requesting new ST
2016-10-14 13:02:06.693 [main] INFO  eu.operando.moduleclients.ClientAuthenticationApiOperandoClient requestServiceTicketUsingTgt - Requesting new ST
2016-10-14 13:02:06.693 [main] INFO  eu.operando.moduleclients.ClientAuthenticationApiOperandoClient updateTgt - Requesting new TGT
2016-10-14 13:02:06.694 [main] INFO  eu.operando.moduleclients.ClientAuthenticationApiOperandoClient requestServiceTicketUsingTgt - Requesting new ST
2016-10-14 13:02:06.694 [main] INFO  eu.operando.moduleclients.ClientAuthenticationApiOperandoClient updateTgt - Requesting new TGT
2016-10-14 13:02:06.695 [main] INFO  eu.operando.moduleclients.ClientAuthenticationApiOperandoClient updateTgt - Requesting new TGT
2016-10-14 13:02:06.695 [main] INFO  eu.operando.moduleclients.ClientAuthenticationApiOperandoClient requestServiceTicketUsingTgt - Requesting new ST
2016-10-14 14:34:31.254 [main] INFO  eu.operando.moduleclients.ClientAuthenticationApiOperandoClient updateTgt - Requesting new TGT
2016-10-14 14:34:31.255 [main] INFO  eu.operando.moduleclients.ClientAuthenticationApiOperandoClient requestServiceTicketUsingTgt - Requesting new ST
2016-10-14 14:34:31.257 [main] INFO  eu.operando.moduleclients.ClientAuthenticationApiOperandoClient updateTgt - Requesting new TGT
2016-10-14 14:34:31.257 [main] INFO  eu.operando.moduleclients.ClientAuthenticationApiOperandoClient requestServiceTicketUsingTgt - Requesting new ST
2016-10-14 14:34:31.259 [main] INFO  eu.operando.moduleclients.ClientAuthenticationApiOperandoClient requestServiceTicket - TGT invalid
2016-10-14 14:34:31.259 [main] INFO  eu.operando.moduleclients.ClientAuthenticationApiOperandoClient updateTgt - Requesting new TGT
2016-10-14 14:34:31.259 [main] INFO  eu.operando.moduleclients.ClientAuthenticationApiOperandoClient requestServiceTicketUsingTgt - Requesting new ST
2016-10-14 14:34:31.260 [main] INFO  eu.operando.moduleclients.ClientAuthenticationApiOperandoClient updateTgt - Requesting new TGT
2016-10-14 14:34:31.260 [main] INFO  eu.operando.moduleclients.ClientAuthenticationApiOperandoClient requestServiceTicketUsingTgt - Requesting new ST
2016-10-14 14:34:31.260 [main] INFO  eu.operando.moduleclients.ClientAuthenticationApiOperandoClient requestServiceTicketUsingTgt - Requesting new ST
2016-10-14 14:34:31.261 [main] INFO  eu.operando.moduleclients.ClientAuthenticationApiOperandoClient updateTgt - Requesting new TGT
2016-10-14 14:34:31.261 [main] INFO  eu.operando.moduleclients.ClientAuthenticationApiOperandoClient requestServiceTicketUsingTgt - Requesting new ST
2016-10-14 14:34:31.262 [main] INFO  eu.operando.moduleclients.ClientAuthenticationApiOperandoClient updateTgt - Requesting new TGT
2016-10-14 14:34:31.262 [main] INFO  eu.operando.moduleclients.ClientAuthenticationApiOperandoClient updateTgt - Requesting new TGT
2016-10-14 14:34:31.262 [main] INFO  eu.operando.moduleclients.ClientAuthenticationApiOperandoClient requestServiceTicketUsingTgt - Requesting new ST
2016-10-14 14:36:18.726 [main] INFO  eu.operando.moduleclients.ClientAuthenticationApiOperandoClient updateTgt - Requesting new TGT
2016-10-14 14:36:18.727 [main] INFO  eu.operando.moduleclients.ClientAuthenticationApiOperandoClient requestServiceTicketUsingTgt - Requesting new ST
2016-10-14 14:36:18.730 [main] INFO  eu.operando.moduleclients.ClientAuthenticationApiOperandoClient updateTgt - Requesting new TGT
2016-10-14 14:36:18.730 [main] INFO  eu.operando.moduleclients.ClientAuthenticationApiOperandoClient requestServiceTicketUsingTgt - Requesting new ST
2016-10-14 14:36:18.734 [main] INFO  eu.operando.moduleclients.ClientAuthenticationApiOperandoClient requestServiceTicket - TGT invalid
2016-10-14 14:36:18.734 [main] INFO  eu.operando.moduleclients.ClientAuthenticationApiOperandoClient updateTgt - Requesting new TGT
2016-10-14 14:36:18.734 [main] INFO  eu.operando.moduleclients.ClientAuthenticationApiOperandoClient requestServiceTicketUsingTgt - Requesting new ST
2016-10-14 14:36:18.735 [main] INFO  eu.operando.moduleclients.ClientAuthenticationApiOperandoClient updateTgt - Requesting new TGT
2016-10-14 14:36:18.736 [main] INFO  eu.operando.moduleclients.ClientAuthenticationApiOperandoClient requestServiceTicketUsingTgt - Requesting new ST
2016-10-14 14:36:18.736 [main] INFO  eu.operando.moduleclients.ClientAuthenticationApiOperandoClient requestServiceTicketUsingTgt - Requesting new ST
2016-10-14 14:36:18.737 [main] INFO  eu.operando.moduleclients.ClientAuthenticationApiOperandoClient updateTgt - Requesting new TGT
2016-10-14 14:36:18.737 [main] INFO  eu.operando.moduleclients.ClientAuthenticationApiOperandoClient requestServiceTicketUsingTgt - Requesting new ST
2016-10-14 14:36:18.738 [main] INFO  eu.operando.moduleclients.ClientAuthenticationApiOperandoClient updateTgt - Requesting new TGT
2016-10-14 14:36:18.739 [main] INFO  eu.operando.moduleclients.ClientAuthenticationApiOperandoClient updateTgt - Requesting new TGT
2016-10-14 14:36:18.739 [main] INFO  eu.operando.moduleclients.ClientAuthenticationApiOperandoClient requestServiceTicketUsingTgt - Requesting new ST
2016-10-14 14:36:45.320 [main] INFO  eu.operando.moduleclients.ClientAuthenticationApiOperandoClient updateTgt - Requesting new TGT
2016-10-14 14:36:45.321 [main] INFO  eu.operando.moduleclients.ClientAuthenticationApiOperandoClient requestServiceTicketUsingTgt - Requesting new ST
2016-10-14 14:36:45.323 [main] INFO  eu.operando.moduleclients.ClientAuthenticationApiOperandoClient updateTgt - Requesting new TGT
2016-10-14 14:36:45.323 [main] INFO  eu.operando.moduleclients.ClientAuthenticationApiOperandoClient requestServiceTicketUsingTgt - Requesting new ST
2016-10-14 14:36:45.325 [main] INFO  eu.operando.moduleclients.ClientAuthenticationApiOperandoClient requestServiceTicket - TGT invalid
2016-10-14 14:36:45.326 [main] INFO  eu.operando.moduleclients.ClientAuthenticationApiOperandoClient updateTgt - Requesting new TGT
2016-10-14 14:36:45.326 [main] INFO  eu.operando.moduleclients.ClientAuthenticationApiOperandoClient requestServiceTicketUsingTgt - Requesting new ST
2016-10-14 14:36:45.327 [main] INFO  eu.operando.moduleclients.ClientAuthenticationApiOperandoClient updateTgt - Requesting new TGT
2016-10-14 14:36:45.327 [main] INFO  eu.operando.moduleclients.ClientAuthenticationApiOperandoClient requestServiceTicketUsingTgt - Requesting new ST
2016-10-14 14:36:45.327 [main] INFO  eu.operando.moduleclients.ClientAuthenticationApiOperandoClient requestServiceTicketUsingTgt - Requesting new ST
2016-10-14 14:36:45.328 [main] INFO  eu.operando.moduleclients.ClientAuthenticationApiOperandoClient updateTgt - Requesting new TGT
2016-10-14 14:36:45.328 [main] INFO  eu.operando.moduleclients.ClientAuthenticationApiOperandoClient requestServiceTicketUsingTgt - Requesting new ST
2016-10-14 14:36:45.329 [main] INFO  eu.operando.moduleclients.ClientAuthenticationApiOperandoClient updateTgt - Requesting new TGT
2016-10-14 14:36:45.330 [main] INFO  eu.operando.moduleclients.ClientAuthenticationApiOperandoClient updateTgt - Requesting new TGT
2016-10-14 14:36:45.330 [main] INFO  eu.operando.moduleclients.ClientAuthenticationApiOperandoClient requestServiceTicketUsingTgt - Requesting new ST
2016-10-14 14:40:32.266 [main] INFO  eu.operando.moduleclients.ClientAuthenticationApiOperandoClient updateTgt - Requesting new TGT
2016-10-14 14:40:32.270 [main] INFO  eu.operando.moduleclients.ClientAuthenticationApiOperandoClient requestServiceTicketUsingTgt - Requesting new ST
2016-10-14 14:40:32.272 [main] INFO  eu.operando.moduleclients.ClientAuthenticationApiOperandoClient updateTgt - Requesting new TGT
2016-10-14 14:40:32.273 [main] INFO  eu.operando.moduleclients.ClientAuthenticationApiOperandoClient requestServiceTicketUsingTgt - Requesting new ST
2016-10-14 14:40:32.277 [main] INFO  eu.operando.moduleclients.ClientAuthenticationApiOperandoClient requestServiceTicket - TGT invalid
2016-10-14 14:40:32.277 [main] INFO  eu.operando.moduleclients.ClientAuthenticationApiOperandoClient updateTgt - Requesting new TGT
2016-10-14 14:40:32.277 [main] INFO  eu.operando.moduleclients.ClientAuthenticationApiOperandoClient requestServiceTicketUsingTgt - Requesting new ST
2016-10-14 14:40:32.278 [main] INFO  eu.operando.moduleclients.ClientAuthenticationApiOperandoClient updateTgt - Requesting new TGT
2016-10-14 14:40:32.279 [main] INFO  eu.operando.moduleclients.ClientAuthenticationApiOperandoClient requestServiceTicketUsingTgt - Requesting new ST
2016-10-14 14:40:32.279 [main] INFO  eu.operando.moduleclients.ClientAuthenticationApiOperandoClient requestServiceTicketUsingTgt - Requesting new ST
2016-10-14 14:40:32.280 [main] INFO  eu.operando.moduleclients.ClientAuthenticationApiOperandoClient updateTgt - Requesting new TGT
2016-10-14 14:40:32.281 [main] INFO  eu.operando.moduleclients.ClientAuthenticationApiOperandoClient requestServiceTicketUsingTgt - Requesting new ST
2016-10-14 14:40:32.282 [main] INFO  eu.operando.moduleclients.ClientAuthenticationApiOperandoClient updateTgt - Requesting new TGT
2016-10-14 14:40:32.283 [main] INFO  eu.operando.moduleclients.ClientAuthenticationApiOperandoClient updateTgt - Requesting new TGT
2016-10-14 14:40:32.283 [main] INFO  eu.operando.moduleclients.ClientAuthenticationApiOperandoClient requestServiceTicketUsingTgt - Requesting new ST
2016-10-14 14:41:14.956 [main] INFO  eu.operando.moduleclients.ClientAuthenticationApiOperandoClient updateTgt - Requesting new TGT
2016-10-14 14:41:14.958 [main] INFO  eu.operando.moduleclients.ClientAuthenticationApiOperandoClient requestServiceTicketUsingTgt - Requesting new ST
2016-10-14 14:41:14.959 [main] INFO  eu.operando.moduleclients.ClientAuthenticationApiOperandoClient updateTgt - Requesting new TGT
2016-10-14 14:41:14.960 [main] INFO  eu.operando.moduleclients.ClientAuthenticationApiOperandoClient requestServiceTicketUsingTgt - Requesting new ST
2016-10-14 14:41:14.962 [main] INFO  eu.operando.moduleclients.ClientAuthenticationApiOperandoClient requestServiceTicket - TGT invalid
2016-10-14 14:41:14.962 [main] INFO  eu.operando.moduleclients.ClientAuthenticationApiOperandoClient updateTgt - Requesting new TGT
2016-10-14 14:41:14.962 [main] INFO  eu.operando.moduleclients.ClientAuthenticationApiOperandoClient requestServiceTicketUsingTgt - Requesting new ST
2016-10-14 14:41:14.963 [main] INFO  eu.operando.moduleclients.ClientAuthenticationApiOperandoClient updateTgt - Requesting new TGT
2016-10-14 14:41:14.963 [main] INFO  eu.operando.moduleclients.ClientAuthenticationApiOperandoClient requestServiceTicketUsingTgt - Requesting new ST
2016-10-14 14:41:14.963 [main] INFO  eu.operando.moduleclients.ClientAuthenticationApiOperandoClient requestServiceTicketUsingTgt - Requesting new ST
2016-10-14 14:41:14.964 [main] INFO  eu.operando.moduleclients.ClientAuthenticationApiOperandoClient updateTgt - Requesting new TGT
2016-10-14 14:41:14.964 [main] INFO  eu.operando.moduleclients.ClientAuthenticationApiOperandoClient requestServiceTicketUsingTgt - Requesting new ST
2016-10-14 14:41:14.965 [main] INFO  eu.operando.moduleclients.ClientAuthenticationApiOperandoClient updateTgt - Requesting new TGT
2016-10-14 14:41:14.965 [main] INFO  eu.operando.moduleclients.ClientAuthenticationApiOperandoClient updateTgt - Requesting new TGT
2016-10-14 14:41:14.966 [main] INFO  eu.operando.moduleclients.ClientAuthenticationApiOperandoClient requestServiceTicketUsingTgt - Requesting new ST
2016-10-14 14:41:47.178 [main] INFO  eu.operando.moduleclients.ClientAuthenticationApiOperandoClient updateTgt - Requesting new TGT
2016-10-14 14:41:47.180 [main] INFO  eu.operando.moduleclients.ClientAuthenticationApiOperandoClient requestServiceTicketUsingTgt - Requesting new ST
2016-10-14 14:41:47.181 [main] INFO  eu.operando.moduleclients.ClientAuthenticationApiOperandoClient updateTgt - Requesting new TGT
2016-10-14 14:41:47.182 [main] INFO  eu.operando.moduleclients.ClientAuthenticationApiOperandoClient requestServiceTicketUsingTgt - Requesting new ST
2016-10-14 14:41:47.184 [main] INFO  eu.operando.moduleclients.ClientAuthenticationApiOperandoClient requestServiceTicket - TGT invalid
2016-10-14 14:41:47.184 [main] INFO  eu.operando.moduleclients.ClientAuthenticationApiOperandoClient updateTgt - Requesting new TGT
2016-10-14 14:41:47.185 [main] INFO  eu.operando.moduleclients.ClientAuthenticationApiOperandoClient requestServiceTicketUsingTgt - Requesting new ST
2016-10-14 14:41:47.185 [main] INFO  eu.operando.moduleclients.ClientAuthenticationApiOperandoClient updateTgt - Requesting new TGT
2016-10-14 14:41:47.186 [main] INFO  eu.operando.moduleclients.ClientAuthenticationApiOperandoClient requestServiceTicketUsingTgt - Requesting new ST
2016-10-14 14:41:47.186 [main] INFO  eu.operando.moduleclients.ClientAuthenticationApiOperandoClient requestServiceTicketUsingTgt - Requesting new ST
2016-10-14 14:41:47.187 [main] INFO  eu.operando.moduleclients.ClientAuthenticationApiOperandoClient updateTgt - Requesting new TGT
2016-10-14 14:41:47.187 [main] INFO  eu.operando.moduleclients.ClientAuthenticationApiOperandoClient requestServiceTicketUsingTgt - Requesting new ST
2016-10-14 14:41:47.188 [main] INFO  eu.operando.moduleclients.ClientAuthenticationApiOperandoClient updateTgt - Requesting new TGT
2016-10-14 14:41:47.188 [main] INFO  eu.operando.moduleclients.ClientAuthenticationApiOperandoClient updateTgt - Requesting new TGT
2016-10-14 14:41:47.188 [main] INFO  eu.operando.moduleclients.ClientAuthenticationApiOperandoClient requestServiceTicketUsingTgt - Requesting new ST
2016-10-14 14:42:33.587 [main] INFO  eu.operando.moduleclients.ClientAuthenticationApiOperandoClient updateTgt - Requesting new TGT
2016-10-14 14:42:33.589 [main] INFO  eu.operando.moduleclients.ClientAuthenticationApiOperandoClient requestServiceTicketUsingTgt - Requesting new ST
2016-10-14 14:42:33.591 [main] INFO  eu.operando.moduleclients.ClientAuthenticationApiOperandoClient updateTgt - Requesting new TGT
2016-10-14 14:42:33.591 [main] INFO  eu.operando.moduleclients.ClientAuthenticationApiOperandoClient requestServiceTicketUsingTgt - Requesting new ST
2016-10-14 14:42:33.593 [main] INFO  eu.operando.moduleclients.ClientAuthenticationApiOperandoClient requestServiceTicket - TGT invalid
2016-10-14 14:42:33.593 [main] INFO  eu.operando.moduleclients.ClientAuthenticationApiOperandoClient updateTgt - Requesting new TGT
2016-10-14 14:42:33.594 [main] INFO  eu.operando.moduleclients.ClientAuthenticationApiOperandoClient requestServiceTicketUsingTgt - Requesting new ST
2016-10-14 14:42:33.595 [main] INFO  eu.operando.moduleclients.ClientAuthenticationApiOperandoClient updateTgt - Requesting new TGT
2016-10-14 14:42:33.595 [main] INFO  eu.operando.moduleclients.ClientAuthenticationApiOperandoClient requestServiceTicketUsingTgt - Requesting new ST
2016-10-14 14:42:33.596 [main] INFO  eu.operando.moduleclients.ClientAuthenticationApiOperandoClient requestServiceTicketUsingTgt - Requesting new ST
2016-10-14 14:42:33.597 [main] INFO  eu.operando.moduleclients.ClientAuthenticationApiOperandoClient updateTgt - Requesting new TGT
2016-10-14 14:42:33.597 [main] INFO  eu.operando.moduleclients.ClientAuthenticationApiOperandoClient requestServiceTicketUsingTgt - Requesting new ST
2016-10-14 14:42:33.598 [main] INFO  eu.operando.moduleclients.ClientAuthenticationApiOperandoClient updateTgt - Requesting new TGT
2016-10-14 14:42:33.599 [main] INFO  eu.operando.moduleclients.ClientAuthenticationApiOperandoClient updateTgt - Requesting new TGT
2016-10-14 14:42:33.599 [main] INFO  eu.operando.moduleclients.ClientAuthenticationApiOperandoClient requestServiceTicketUsingTgt - Requesting new ST
2016-10-14 14:44:02.726 [main] INFO  eu.operando.moduleclients.ClientAuthenticationApiOperandoClient updateTgt - Requesting new TGT
2016-10-14 14:44:02.728 [main] INFO  eu.operando.moduleclients.ClientAuthenticationApiOperandoClient requestServiceTicketUsingTgt - Requesting new ST
2016-10-14 14:44:02.729 [main] INFO  eu.operando.moduleclients.ClientAuthenticationApiOperandoClient updateTgt - Requesting new TGT
2016-10-14 14:44:02.730 [main] INFO  eu.operando.moduleclients.ClientAuthenticationApiOperandoClient requestServiceTicketUsingTgt - Requesting new ST
2016-10-14 14:44:02.732 [main] INFO  eu.operando.moduleclients.ClientAuthenticationApiOperandoClient requestServiceTicket - TGT invalid
2016-10-14 14:44:02.732 [main] INFO  eu.operando.moduleclients.ClientAuthenticationApiOperandoClient updateTgt - Requesting new TGT
2016-10-14 14:44:02.732 [main] INFO  eu.operando.moduleclients.ClientAuthenticationApiOperandoClient requestServiceTicketUsingTgt - Requesting new ST
2016-10-14 14:44:02.733 [main] INFO  eu.operando.moduleclients.ClientAuthenticationApiOperandoClient updateTgt - Requesting new TGT
2016-10-14 14:44:02.733 [main] INFO  eu.operando.moduleclients.ClientAuthenticationApiOperandoClient requestServiceTicketUsingTgt - Requesting new ST
2016-10-14 14:44:02.734 [main] INFO  eu.operando.moduleclients.ClientAuthenticationApiOperandoClient requestServiceTicketUsingTgt - Requesting new ST
2016-10-14 14:44:02.735 [main] INFO  eu.operando.moduleclients.ClientAuthenticationApiOperandoClient updateTgt - Requesting new TGT
2016-10-14 14:44:02.735 [main] INFO  eu.operando.moduleclients.ClientAuthenticationApiOperandoClient requestServiceTicketUsingTgt - Requesting new ST
2016-10-14 14:44:02.735 [main] INFO  eu.operando.moduleclients.ClientAuthenticationApiOperandoClient updateTgt - Requesting new TGT
2016-10-14 14:44:02.736 [main] INFO  eu.operando.moduleclients.ClientAuthenticationApiOperandoClient updateTgt - Requesting new TGT
2016-10-14 14:44:02.736 [main] INFO  eu.operando.moduleclients.ClientAuthenticationApiOperandoClient requestServiceTicketUsingTgt - Requesting new ST
2016-10-14 14:45:21.136 [main] INFO  eu.operando.moduleclients.ClientAuthenticationApiOperandoClient updateTgt - Requesting new TGT
2016-10-14 14:45:21.138 [main] INFO  eu.operando.moduleclients.ClientAuthenticationApiOperandoClient requestServiceTicketUsingTgt - Requesting new ST
2016-10-14 14:45:21.139 [main] INFO  eu.operando.moduleclients.ClientAuthenticationApiOperandoClient updateTgt - Requesting new TGT
2016-10-14 14:45:21.140 [main] INFO  eu.operando.moduleclients.ClientAuthenticationApiOperandoClient requestServiceTicketUsingTgt - Requesting new ST
2016-10-14 14:45:21.142 [main] INFO  eu.operando.moduleclients.ClientAuthenticationApiOperandoClient requestServiceTicket - TGT invalid
2016-10-14 14:45:21.143 [main] INFO  eu.operando.moduleclients.ClientAuthenticationApiOperandoClient updateTgt - Requesting new TGT
2016-10-14 14:45:21.143 [main] INFO  eu.operando.moduleclients.ClientAuthenticationApiOperandoClient requestServiceTicketUsingTgt - Requesting new ST
2016-10-14 14:45:21.144 [main] INFO  eu.operando.moduleclients.ClientAuthenticationApiOperandoClient updateTgt - Requesting new TGT
2016-10-14 14:45:21.145 [main] INFO  eu.operando.moduleclients.ClientAuthenticationApiOperandoClient requestServiceTicketUsingTgt - Requesting new ST
2016-10-14 14:45:21.145 [main] INFO  eu.operando.moduleclients.ClientAuthenticationApiOperandoClient requestServiceTicketUsingTgt - Requesting new ST
2016-10-14 14:45:21.146 [main] INFO  eu.operando.moduleclients.ClientAuthenticationApiOperandoClient updateTgt - Requesting new TGT
2016-10-14 14:45:21.146 [main] INFO  eu.operando.moduleclients.ClientAuthenticationApiOperandoClient requestServiceTicketUsingTgt - Requesting new ST
2016-10-14 14:45:21.147 [main] INFO  eu.operando.moduleclients.ClientAuthenticationApiOperandoClient updateTgt - Requesting new TGT
2016-10-14 14:45:21.148 [main] INFO  eu.operando.moduleclients.ClientAuthenticationApiOperandoClient updateTgt - Requesting new TGT
2016-10-14 14:45:21.148 [main] INFO  eu.operando.moduleclients.ClientAuthenticationApiOperandoClient requestServiceTicketUsingTgt - Requesting new ST
2016-10-14 14:45:53.817 [main] INFO  eu.operando.moduleclients.ClientAuthenticationApiOperandoClient updateTgt - Requesting new TGT
2016-10-14 14:45:53.819 [main] INFO  eu.operando.moduleclients.ClientAuthenticationApiOperandoClient requestServiceTicketUsingTgt - Requesting new ST
2016-10-14 14:45:53.821 [main] INFO  eu.operando.moduleclients.ClientAuthenticationApiOperandoClient updateTgt - Requesting new TGT
2016-10-14 14:45:53.822 [main] INFO  eu.operando.moduleclients.ClientAuthenticationApiOperandoClient requestServiceTicketUsingTgt - Requesting new ST
2016-10-14 14:45:53.825 [main] INFO  eu.operando.moduleclients.ClientAuthenticationApiOperandoClient requestServiceTicket - TGT invalid
2016-10-14 14:45:53.825 [main] INFO  eu.operando.moduleclients.ClientAuthenticationApiOperandoClient updateTgt - Requesting new TGT
2016-10-14 14:45:53.826 [main] INFO  eu.operando.moduleclients.ClientAuthenticationApiOperandoClient requestServiceTicketUsingTgt - Requesting new ST
2016-10-14 14:45:53.827 [main] INFO  eu.operando.moduleclients.ClientAuthenticationApiOperandoClient updateTgt - Requesting new TGT
2016-10-14 14:45:53.827 [main] INFO  eu.operando.moduleclients.ClientAuthenticationApiOperandoClient requestServiceTicketUsingTgt - Requesting new ST
2016-10-14 14:45:53.827 [main] INFO  eu.operando.moduleclients.ClientAuthenticationApiOperandoClient requestServiceTicketUsingTgt - Requesting new ST
2016-10-14 14:45:53.828 [main] INFO  eu.operando.moduleclients.ClientAuthenticationApiOperandoClient updateTgt - Requesting new TGT
2016-10-14 14:45:53.828 [main] INFO  eu.operando.moduleclients.ClientAuthenticationApiOperandoClient requestServiceTicketUsingTgt - Requesting new ST
2016-10-14 14:45:53.829 [main] INFO  eu.operando.moduleclients.ClientAuthenticationApiOperandoClient updateTgt - Requesting new TGT
2016-10-14 14:45:53.830 [main] INFO  eu.operando.moduleclients.ClientAuthenticationApiOperandoClient updateTgt - Requesting new TGT
2016-10-14 14:45:53.830 [main] INFO  eu.operando.moduleclients.ClientAuthenticationApiOperandoClient requestServiceTicketUsingTgt - Requesting new ST
2016-10-14 14:47:17.668 [main] INFO  eu.operando.moduleclients.ClientAuthenticationApiOperandoClient updateTgt - Requesting new TGT
2016-10-14 14:47:17.669 [main] INFO  eu.operando.moduleclients.ClientAuthenticationApiOperandoClient requestServiceTicketUsingTgt - Requesting new ST
2016-10-14 14:47:17.672 [main] INFO  eu.operando.moduleclients.ClientAuthenticationApiOperandoClient updateTgt - Requesting new TGT
2016-10-14 14:47:17.672 [main] INFO  eu.operando.moduleclients.ClientAuthenticationApiOperandoClient requestServiceTicketUsingTgt - Requesting new ST
2016-10-14 14:47:17.675 [main] INFO  eu.operando.moduleclients.ClientAuthenticationApiOperandoClient requestServiceTicket - TGT invalid
2016-10-14 14:47:17.676 [main] INFO  eu.operando.moduleclients.ClientAuthenticationApiOperandoClient updateTgt - Requesting new TGT
2016-10-14 14:47:17.676 [main] INFO  eu.operando.moduleclients.ClientAuthenticationApiOperandoClient requestServiceTicketUsingTgt - Requesting new ST
2016-10-14 14:47:17.677 [main] INFO  eu.operando.moduleclients.ClientAuthenticationApiOperandoClient updateTgt - Requesting new TGT
2016-10-14 14:47:17.677 [main] INFO  eu.operando.moduleclients.ClientAuthenticationApiOperandoClient requestServiceTicketUsingTgt - Requesting new ST
2016-10-14 14:47:17.678 [main] INFO  eu.operando.moduleclients.ClientAuthenticationApiOperandoClient requestServiceTicketUsingTgt - Requesting new ST
2016-10-14 14:47:17.678 [main] INFO  eu.operando.moduleclients.ClientAuthenticationApiOperandoClient updateTgt - Requesting new TGT
2016-10-14 14:47:17.679 [main] INFO  eu.operando.moduleclients.ClientAuthenticationApiOperandoClient requestServiceTicketUsingTgt - Requesting new ST
2016-10-14 14:47:17.679 [main] INFO  eu.operando.moduleclients.ClientAuthenticationApiOperandoClient updateTgt - Requesting new TGT
2016-10-14 14:47:17.680 [main] INFO  eu.operando.moduleclients.ClientAuthenticationApiOperandoClient updateTgt - Requesting new TGT
2016-10-14 14:47:17.680 [main] INFO  eu.operando.moduleclients.ClientAuthenticationApiOperandoClient requestServiceTicketUsingTgt - Requesting new ST
2016-10-14 14:48:15.215 [main] INFO  eu.operando.moduleclients.ClientAuthenticationApiOperandoClient updateTgt - Requesting new TGT
2016-10-14 14:48:15.217 [main] INFO  eu.operando.moduleclients.ClientAuthenticationApiOperandoClient requestServiceTicketUsingTgt - Requesting new ST
2016-10-14 14:48:15.219 [main] INFO  eu.operando.moduleclients.ClientAuthenticationApiOperandoClient updateTgt - Requesting new TGT
2016-10-14 14:48:15.219 [main] INFO  eu.operando.moduleclients.ClientAuthenticationApiOperandoClient requestServiceTicketUsingTgt - Requesting new ST
2016-10-14 14:48:15.221 [main] INFO  eu.operando.moduleclients.ClientAuthenticationApiOperandoClient requestServiceTicket - TGT invalid
2016-10-14 14:48:15.222 [main] INFO  eu.operando.moduleclients.ClientAuthenticationApiOperandoClient updateTgt - Requesting new TGT
2016-10-14 14:48:15.222 [main] INFO  eu.operando.moduleclients.ClientAuthenticationApiOperandoClient requestServiceTicketUsingTgt - Requesting new ST
2016-10-14 14:48:15.223 [main] INFO  eu.operando.moduleclients.ClientAuthenticationApiOperandoClient updateTgt - Requesting new TGT
2016-10-14 14:48:15.223 [main] INFO  eu.operando.moduleclients.ClientAuthenticationApiOperandoClient requestServiceTicketUsingTgt - Requesting new ST
2016-10-14 14:48:15.223 [main] INFO  eu.operando.moduleclients.ClientAuthenticationApiOperandoClient requestServiceTicketUsingTgt - Requesting new ST
2016-10-14 14:48:15.224 [main] INFO  eu.operando.moduleclients.ClientAuthenticationApiOperandoClient updateTgt - Requesting new TGT
2016-10-14 14:48:15.224 [main] INFO  eu.operando.moduleclients.ClientAuthenticationApiOperandoClient requestServiceTicketUsingTgt - Requesting new ST
2016-10-14 14:48:15.225 [main] INFO  eu.operando.moduleclients.ClientAuthenticationApiOperandoClient updateTgt - Requesting new TGT
2016-10-14 14:48:15.226 [main] INFO  eu.operando.moduleclients.ClientAuthenticationApiOperandoClient updateTgt - Requesting new TGT
2016-10-14 14:48:15.226 [main] INFO  eu.operando.moduleclients.ClientAuthenticationApiOperandoClient requestServiceTicketUsingTgt - Requesting new ST
2016-10-14 14:49:49.921 [main] INFO  eu.operando.moduleclients.ClientAuthenticationApiOperandoClient updateTgt - Requesting new TGT
2016-10-14 14:49:49.922 [main] INFO  eu.operando.moduleclients.ClientAuthenticationApiOperandoClient requestServiceTicketUsingTgt - Requesting new ST
2016-10-14 14:49:49.924 [main] INFO  eu.operando.moduleclients.ClientAuthenticationApiOperandoClient updateTgt - Requesting new TGT
2016-10-14 14:49:49.924 [main] INFO  eu.operando.moduleclients.ClientAuthenticationApiOperandoClient requestServiceTicketUsingTgt - Requesting new ST
2016-10-14 14:49:49.926 [main] INFO  eu.operando.moduleclients.ClientAuthenticationApiOperandoClient requestServiceTicket - TGT invalid
2016-10-14 14:49:49.926 [main] INFO  eu.operando.moduleclients.ClientAuthenticationApiOperandoClient updateTgt - Requesting new TGT
2016-10-14 14:49:49.926 [main] INFO  eu.operando.moduleclients.ClientAuthenticationApiOperandoClient requestServiceTicketUsingTgt - Requesting new ST
2016-10-14 14:49:49.927 [main] INFO  eu.operando.moduleclients.ClientAuthenticationApiOperandoClient updateTgt - Requesting new TGT
2016-10-14 14:49:49.928 [main] INFO  eu.operando.moduleclients.ClientAuthenticationApiOperandoClient requestServiceTicketUsingTgt - Requesting new ST
2016-10-14 14:49:49.928 [main] INFO  eu.operando.moduleclients.ClientAuthenticationApiOperandoClient requestServiceTicketUsingTgt - Requesting new ST
2016-10-14 14:49:49.929 [main] INFO  eu.operando.moduleclients.ClientAuthenticationApiOperandoClient updateTgt - Requesting new TGT
2016-10-14 14:49:49.929 [main] INFO  eu.operando.moduleclients.ClientAuthenticationApiOperandoClient requestServiceTicketUsingTgt - Requesting new ST
2016-10-14 14:49:49.930 [main] INFO  eu.operando.moduleclients.ClientAuthenticationApiOperandoClient updateTgt - Requesting new TGT
2016-10-14 14:49:49.930 [main] INFO  eu.operando.moduleclients.ClientAuthenticationApiOperandoClient updateTgt - Requesting new TGT
2016-10-14 14:49:49.930 [main] INFO  eu.operando.moduleclients.ClientAuthenticationApiOperandoClient requestServiceTicketUsingTgt - Requesting new ST
2016-10-14 14:50:12.732 [main] INFO  eu.operando.moduleclients.ClientAuthenticationApiOperandoClient updateTgt - Requesting new TGT
2016-10-14 14:50:12.734 [main] INFO  eu.operando.moduleclients.ClientAuthenticationApiOperandoClient requestServiceTicketUsingTgt - Requesting new ST
2016-10-14 14:50:12.735 [main] INFO  eu.operando.moduleclients.ClientAuthenticationApiOperandoClient updateTgt - Requesting new TGT
2016-10-14 14:50:12.735 [main] INFO  eu.operando.moduleclients.ClientAuthenticationApiOperandoClient requestServiceTicketUsingTgt - Requesting new ST
2016-10-14 14:50:12.737 [main] INFO  eu.operando.moduleclients.ClientAuthenticationApiOperandoClient requestServiceTicket - TGT invalid
2016-10-14 14:50:12.738 [main] INFO  eu.operando.moduleclients.ClientAuthenticationApiOperandoClient updateTgt - Requesting new TGT
2016-10-14 14:50:12.738 [main] INFO  eu.operando.moduleclients.ClientAuthenticationApiOperandoClient requestServiceTicketUsingTgt - Requesting new ST
2016-10-14 14:50:12.739 [main] INFO  eu.operando.moduleclients.ClientAuthenticationApiOperandoClient updateTgt - Requesting new TGT
2016-10-14 14:50:12.739 [main] INFO  eu.operando.moduleclients.ClientAuthenticationApiOperandoClient requestServiceTicketUsingTgt - Requesting new ST
2016-10-14 14:50:12.739 [main] INFO  eu.operando.moduleclients.ClientAuthenticationApiOperandoClient requestServiceTicketUsingTgt - Requesting new ST
2016-10-14 14:50:12.740 [main] INFO  eu.operando.moduleclients.ClientAuthenticationApiOperandoClient updateTgt - Requesting new TGT
2016-10-14 14:50:12.740 [main] INFO  eu.operando.moduleclients.ClientAuthenticationApiOperandoClient requestServiceTicketUsingTgt - Requesting new ST
2016-10-14 14:50:12.740 [main] INFO  eu.operando.moduleclients.ClientAuthenticationApiOperandoClient updateTgt - Requesting new TGT
2016-10-14 14:50:12.741 [main] INFO  eu.operando.moduleclients.ClientAuthenticationApiOperandoClient updateTgt - Requesting new TGT
2016-10-14 14:50:12.741 [main] INFO  eu.operando.moduleclients.ClientAuthenticationApiOperandoClient requestServiceTicketUsingTgt - Requesting new ST
2016-10-14 15:09:52.018 [main] INFO  eu.operando.moduleclients.ClientAuthenticationApiOperandoClient updateTgt - Requesting new TGT
2016-10-14 15:09:52.020 [main] INFO  eu.operando.moduleclients.ClientAuthenticationApiOperandoClient requestServiceTicketUsingTgt - Requesting new ST
2016-10-14 15:09:52.022 [main] INFO  eu.operando.moduleclients.ClientAuthenticationApiOperandoClient updateTgt - Requesting new TGT
2016-10-14 15:09:52.022 [main] INFO  eu.operando.moduleclients.ClientAuthenticationApiOperandoClient requestServiceTicketUsingTgt - Requesting new ST
2016-10-14 15:09:52.025 [main] INFO  eu.operando.moduleclients.ClientAuthenticationApiOperandoClient requestServiceTicket - TGT invalid
2016-10-14 15:09:52.025 [main] INFO  eu.operando.moduleclients.ClientAuthenticationApiOperandoClient updateTgt - Requesting new TGT
2016-10-14 15:09:52.025 [main] INFO  eu.operando.moduleclients.ClientAuthenticationApiOperandoClient requestServiceTicketUsingTgt - Requesting new ST
2016-10-14 15:09:52.026 [main] INFO  eu.operando.moduleclients.ClientAuthenticationApiOperandoClient updateTgt - Requesting new TGT
2016-10-14 15:09:52.027 [main] INFO  eu.operando.moduleclients.ClientAuthenticationApiOperandoClient requestServiceTicketUsingTgt - Requesting new ST
2016-10-14 15:09:52.027 [main] INFO  eu.operando.moduleclients.ClientAuthenticationApiOperandoClient requestServiceTicketUsingTgt - Requesting new ST
2016-10-14 15:09:52.028 [main] INFO  eu.operando.moduleclients.ClientAuthenticationApiOperandoClient updateTgt - Requesting new TGT
2016-10-14 15:09:52.028 [main] INFO  eu.operando.moduleclients.ClientAuthenticationApiOperandoClient requestServiceTicketUsingTgt - Requesting new ST
2016-10-14 15:09:52.029 [main] INFO  eu.operando.moduleclients.ClientAuthenticationApiOperandoClient updateTgt - Requesting new TGT
2016-10-14 15:09:52.030 [main] INFO  eu.operando.moduleclients.ClientAuthenticationApiOperandoClient updateTgt - Requesting new TGT
2016-10-14 15:09:52.030 [main] INFO  eu.operando.moduleclients.ClientAuthenticationApiOperandoClient requestServiceTicketUsingTgt - Requesting new ST
2016-10-14 15:31:35.084 [main] INFO  eu.operando.moduleclients.ClientAuthenticationApiOperandoClient updateTgt - Requesting new TGT
2016-10-14 15:31:35.085 [main] INFO  eu.operando.moduleclients.ClientAuthenticationApiOperandoClient requestServiceTicketUsingTgt - Requesting new ST
2016-10-14 15:31:35.087 [main] INFO  eu.operando.moduleclients.ClientAuthenticationApiOperandoClient updateTgt - Requesting new TGT
2016-10-14 15:31:35.088 [main] INFO  eu.operando.moduleclients.ClientAuthenticationApiOperandoClient requestServiceTicketUsingTgt - Requesting new ST
2016-10-14 15:31:35.090 [main] INFO  eu.operando.moduleclients.ClientAuthenticationApiOperandoClient requestServiceTicket - TGT invalid
2016-10-14 15:31:35.090 [main] INFO  eu.operando.moduleclients.ClientAuthenticationApiOperandoClient updateTgt - Requesting new TGT
2016-10-14 15:31:35.091 [main] INFO  eu.operando.moduleclients.ClientAuthenticationApiOperandoClient requestServiceTicketUsingTgt - Requesting new ST
2016-10-14 15:31:35.092 [main] INFO  eu.operando.moduleclients.ClientAuthenticationApiOperandoClient updateTgt - Requesting new TGT
2016-10-14 15:31:35.092 [main] INFO  eu.operando.moduleclients.ClientAuthenticationApiOperandoClient requestServiceTicketUsingTgt - Requesting new ST
2016-10-14 15:31:35.092 [main] INFO  eu.operando.moduleclients.ClientAuthenticationApiOperandoClient requestServiceTicketUsingTgt - Requesting new ST
2016-10-14 15:31:35.093 [main] INFO  eu.operando.moduleclients.ClientAuthenticationApiOperandoClient updateTgt - Requesting new TGT
2016-10-14 15:31:35.093 [main] INFO  eu.operando.moduleclients.ClientAuthenticationApiOperandoClient requestServiceTicketUsingTgt - Requesting new ST
2016-10-14 15:31:35.094 [main] INFO  eu.operando.moduleclients.ClientAuthenticationApiOperandoClient updateTgt - Requesting new TGT
2016-10-14 15:31:35.094 [main] INFO  eu.operando.moduleclients.ClientAuthenticationApiOperandoClient updateTgt - Requesting new TGT
2016-10-14 15:31:35.095 [main] INFO  eu.operando.moduleclients.ClientAuthenticationApiOperandoClient requestServiceTicketUsingTgt - Requesting new ST
2016-10-14 15:33:54.906 [main] INFO  eu.operando.moduleclients.ClientAuthenticationApiOperandoClient updateTgt - Requesting new TGT
2016-10-14 15:33:54.908 [main] INFO  eu.operando.moduleclients.ClientAuthenticationApiOperandoClient requestServiceTicketUsingTgt - Requesting new ST
2016-10-14 15:33:54.909 [main] INFO  eu.operando.moduleclients.ClientAuthenticationApiOperandoClient updateTgt - Requesting new TGT
2016-10-14 15:33:54.909 [main] INFO  eu.operando.moduleclients.ClientAuthenticationApiOperandoClient requestServiceTicketUsingTgt - Requesting new ST
2016-10-14 15:33:54.912 [main] INFO  eu.operando.moduleclients.ClientAuthenticationApiOperandoClient requestServiceTicket - TGT invalid
2016-10-14 15:33:54.913 [main] INFO  eu.operando.moduleclients.ClientAuthenticationApiOperandoClient updateTgt - Requesting new TGT
2016-10-14 15:33:54.913 [main] INFO  eu.operando.moduleclients.ClientAuthenticationApiOperandoClient requestServiceTicketUsingTgt - Requesting new ST
2016-10-14 15:33:54.914 [main] INFO  eu.operando.moduleclients.ClientAuthenticationApiOperandoClient updateTgt - Requesting new TGT
2016-10-14 15:33:54.915 [main] INFO  eu.operando.moduleclients.ClientAuthenticationApiOperandoClient requestServiceTicketUsingTgt - Requesting new ST
2016-10-14 15:33:54.915 [main] INFO  eu.operando.moduleclients.ClientAuthenticationApiOperandoClient requestServiceTicketUsingTgt - Requesting new ST
2016-10-14 15:33:54.916 [main] INFO  eu.operando.moduleclients.ClientAuthenticationApiOperandoClient updateTgt - Requesting new TGT
2016-10-14 15:33:54.916 [main] INFO  eu.operando.moduleclients.ClientAuthenticationApiOperandoClient requestServiceTicketUsingTgt - Requesting new ST
2016-10-14 15:33:54.917 [main] INFO  eu.operando.moduleclients.ClientAuthenticationApiOperandoClient updateTgt - Requesting new TGT
2016-10-14 15:33:54.918 [main] INFO  eu.operando.moduleclients.ClientAuthenticationApiOperandoClient updateTgt - Requesting new TGT
2016-10-14 15:33:54.918 [main] INFO  eu.operando.moduleclients.ClientAuthenticationApiOperandoClient requestServiceTicketUsingTgt - Requesting new ST
2016-10-14 15:34:13.161 [main] INFO  eu.operando.moduleclients.ClientAuthenticationApiOperandoClient updateTgt - Requesting new TGT
2016-10-14 15:34:13.162 [main] INFO  eu.operando.moduleclients.ClientAuthenticationApiOperandoClient requestServiceTicketUsingTgt - Requesting new ST
2016-10-14 15:34:13.164 [main] INFO  eu.operando.moduleclients.ClientAuthenticationApiOperandoClient updateTgt - Requesting new TGT
2016-10-14 15:34:13.164 [main] INFO  eu.operando.moduleclients.ClientAuthenticationApiOperandoClient requestServiceTicketUsingTgt - Requesting new ST
2016-10-14 15:34:13.166 [main] INFO  eu.operando.moduleclients.ClientAuthenticationApiOperandoClient requestServiceTicket - TGT invalid
2016-10-14 15:34:13.167 [main] INFO  eu.operando.moduleclients.ClientAuthenticationApiOperandoClient updateTgt - Requesting new TGT
2016-10-14 15:34:13.167 [main] INFO  eu.operando.moduleclients.ClientAuthenticationApiOperandoClient requestServiceTicketUsingTgt - Requesting new ST
2016-10-14 15:34:13.168 [main] INFO  eu.operando.moduleclients.ClientAuthenticationApiOperandoClient updateTgt - Requesting new TGT
2016-10-14 15:34:13.168 [main] INFO  eu.operando.moduleclients.ClientAuthenticationApiOperandoClient requestServiceTicketUsingTgt - Requesting new ST
2016-10-14 15:34:13.168 [main] INFO  eu.operando.moduleclients.ClientAuthenticationApiOperandoClient requestServiceTicketUsingTgt - Requesting new ST
2016-10-14 15:34:13.169 [main] INFO  eu.operando.moduleclients.ClientAuthenticationApiOperandoClient updateTgt - Requesting new TGT
2016-10-14 15:34:13.169 [main] INFO  eu.operando.moduleclients.ClientAuthenticationApiOperandoClient requestServiceTicketUsingTgt - Requesting new ST
2016-10-14 15:34:13.170 [main] INFO  eu.operando.moduleclients.ClientAuthenticationApiOperandoClient updateTgt - Requesting new TGT
2016-10-14 15:34:13.170 [main] INFO  eu.operando.moduleclients.ClientAuthenticationApiOperandoClient updateTgt - Requesting new TGT
2016-10-14 15:34:13.170 [main] INFO  eu.operando.moduleclients.ClientAuthenticationApiOperandoClient requestServiceTicketUsingTgt - Requesting new ST
2016-10-14 15:35:43.878 [main] INFO  eu.operando.moduleclients.ClientAuthenticationApiOperandoClient updateTgt - Requesting new TGT
2016-10-14 15:35:43.879 [main] INFO  eu.operando.moduleclients.ClientAuthenticationApiOperandoClient requestServiceTicketUsingTgt - Requesting new ST
2016-10-14 15:35:43.881 [main] INFO  eu.operando.moduleclients.ClientAuthenticationApiOperandoClient updateTgt - Requesting new TGT
2016-10-14 15:35:43.881 [main] INFO  eu.operando.moduleclients.ClientAuthenticationApiOperandoClient requestServiceTicketUsingTgt - Requesting new ST
2016-10-14 15:35:43.884 [main] INFO  eu.operando.moduleclients.ClientAuthenticationApiOperandoClient requestServiceTicket - TGT invalid
2016-10-14 15:35:43.884 [main] INFO  eu.operando.moduleclients.ClientAuthenticationApiOperandoClient updateTgt - Requesting new TGT
2016-10-14 15:35:43.884 [main] INFO  eu.operando.moduleclients.ClientAuthenticationApiOperandoClient requestServiceTicketUsingTgt - Requesting new ST
2016-10-14 15:35:43.885 [main] INFO  eu.operando.moduleclients.ClientAuthenticationApiOperandoClient updateTgt - Requesting new TGT
2016-10-14 15:35:43.886 [main] INFO  eu.operando.moduleclients.ClientAuthenticationApiOperandoClient requestServiceTicketUsingTgt - Requesting new ST
2016-10-14 15:35:43.886 [main] INFO  eu.operando.moduleclients.ClientAuthenticationApiOperandoClient requestServiceTicketUsingTgt - Requesting new ST
2016-10-14 15:35:43.886 [main] INFO  eu.operando.moduleclients.ClientAuthenticationApiOperandoClient updateTgt - Requesting new TGT
2016-10-14 15:35:43.887 [main] INFO  eu.operando.moduleclients.ClientAuthenticationApiOperandoClient requestServiceTicketUsingTgt - Requesting new ST
2016-10-14 15:35:43.887 [main] INFO  eu.operando.moduleclients.ClientAuthenticationApiOperandoClient updateTgt - Requesting new TGT
2016-10-14 15:35:43.888 [main] INFO  eu.operando.moduleclients.ClientAuthenticationApiOperandoClient updateTgt - Requesting new TGT
2016-10-14 15:35:43.888 [main] INFO  eu.operando.moduleclients.ClientAuthenticationApiOperandoClient requestServiceTicketUsingTgt - Requesting new ST
2016-10-14 15:37:28.244 [main] INFO  eu.operando.moduleclients.ClientAuthenticationApiOperandoClient updateTgt - Requesting new TGT
2016-10-14 15:37:28.245 [main] INFO  eu.operando.moduleclients.ClientAuthenticationApiOperandoClient requestServiceTicketUsingTgt - Requesting new ST
2016-10-14 15:37:28.247 [main] INFO  eu.operando.moduleclients.ClientAuthenticationApiOperandoClient updateTgt - Requesting new TGT
2016-10-14 15:37:28.248 [main] INFO  eu.operando.moduleclients.ClientAuthenticationApiOperandoClient requestServiceTicketUsingTgt - Requesting new ST
2016-10-14 15:37:28.250 [main] INFO  eu.operando.moduleclients.ClientAuthenticationApiOperandoClient requestServiceTicket - TGT invalid
2016-10-14 15:37:28.251 [main] INFO  eu.operando.moduleclients.ClientAuthenticationApiOperandoClient updateTgt - Requesting new TGT
2016-10-14 15:37:28.251 [main] INFO  eu.operando.moduleclients.ClientAuthenticationApiOperandoClient requestServiceTicketUsingTgt - Requesting new ST
2016-10-14 15:37:28.252 [main] INFO  eu.operando.moduleclients.ClientAuthenticationApiOperandoClient updateTgt - Requesting new TGT
2016-10-14 15:37:28.252 [main] INFO  eu.operando.moduleclients.ClientAuthenticationApiOperandoClient requestServiceTicketUsingTgt - Requesting new ST
2016-10-14 15:37:28.252 [main] INFO  eu.operando.moduleclients.ClientAuthenticationApiOperandoClient requestServiceTicketUsingTgt - Requesting new ST
2016-10-14 15:37:28.253 [main] INFO  eu.operando.moduleclients.ClientAuthenticationApiOperandoClient updateTgt - Requesting new TGT
2016-10-14 15:37:28.253 [main] INFO  eu.operando.moduleclients.ClientAuthenticationApiOperandoClient requestServiceTicketUsingTgt - Requesting new ST
2016-10-14 15:37:28.254 [main] INFO  eu.operando.moduleclients.ClientAuthenticationApiOperandoClient updateTgt - Requesting new TGT
2016-10-14 15:37:28.255 [main] INFO  eu.operando.moduleclients.ClientAuthenticationApiOperandoClient updateTgt - Requesting new TGT
2016-10-14 15:37:28.255 [main] INFO  eu.operando.moduleclients.ClientAuthenticationApiOperandoClient requestServiceTicketUsingTgt - Requesting new ST
2016-10-14 15:38:26.970 [main] INFO  eu.operando.moduleclients.ClientAuthenticationApiOperandoClient updateTgt - Requesting new TGT
2016-10-14 15:38:26.971 [main] INFO  eu.operando.moduleclients.ClientAuthenticationApiOperandoClient requestServiceTicketUsingTgt - Requesting new ST
2016-10-14 15:38:26.973 [main] INFO  eu.operando.moduleclients.ClientAuthenticationApiOperandoClient updateTgt - Requesting new TGT
2016-10-14 15:38:26.973 [main] INFO  eu.operando.moduleclients.ClientAuthenticationApiOperandoClient requestServiceTicketUsingTgt - Requesting new ST
2016-10-14 15:38:26.975 [main] INFO  eu.operando.moduleclients.ClientAuthenticationApiOperandoClient requestServiceTicket - TGT invalid
2016-10-14 15:38:26.975 [main] INFO  eu.operando.moduleclients.ClientAuthenticationApiOperandoClient updateTgt - Requesting new TGT
2016-10-14 15:38:26.975 [main] INFO  eu.operando.moduleclients.ClientAuthenticationApiOperandoClient requestServiceTicketUsingTgt - Requesting new ST
2016-10-14 15:38:26.976 [main] INFO  eu.operando.moduleclients.ClientAuthenticationApiOperandoClient updateTgt - Requesting new TGT
2016-10-14 15:38:26.976 [main] INFO  eu.operando.moduleclients.ClientAuthenticationApiOperandoClient requestServiceTicketUsingTgt - Requesting new ST
2016-10-14 15:38:26.977 [main] INFO  eu.operando.moduleclients.ClientAuthenticationApiOperandoClient requestServiceTicketUsingTgt - Requesting new ST
2016-10-14 15:38:26.977 [main] INFO  eu.operando.moduleclients.ClientAuthenticationApiOperandoClient updateTgt - Requesting new TGT
2016-10-14 15:38:26.978 [main] INFO  eu.operando.moduleclients.ClientAuthenticationApiOperandoClient requestServiceTicketUsingTgt - Requesting new ST
2016-10-14 15:38:26.978 [main] INFO  eu.operando.moduleclients.ClientAuthenticationApiOperandoClient updateTgt - Requesting new TGT
2016-10-14 15:38:26.979 [main] INFO  eu.operando.moduleclients.ClientAuthenticationApiOperandoClient updateTgt - Requesting new TGT
2016-10-14 15:38:26.979 [main] INFO  eu.operando.moduleclients.ClientAuthenticationApiOperandoClient requestServiceTicketUsingTgt - Requesting new ST
2016-10-14 15:39:58.281 [main] INFO  eu.operando.moduleclients.ClientAuthenticationApiOperandoClient updateTgt - Requesting new TGT
2016-10-14 15:39:58.284 [main] INFO  eu.operando.moduleclients.ClientAuthenticationApiOperandoClient requestServiceTicketUsingTgt - Requesting new ST
2016-10-14 15:39:58.286 [main] INFO  eu.operando.moduleclients.ClientAuthenticationApiOperandoClient updateTgt - Requesting new TGT
2016-10-14 15:39:58.287 [main] INFO  eu.operando.moduleclients.ClientAuthenticationApiOperandoClient requestServiceTicketUsingTgt - Requesting new ST
2016-10-14 15:39:58.290 [main] INFO  eu.operando.moduleclients.ClientAuthenticationApiOperandoClient requestServiceTicket - TGT invalid
2016-10-14 15:39:58.290 [main] INFO  eu.operando.moduleclients.ClientAuthenticationApiOperandoClient updateTgt - Requesting new TGT
2016-10-14 15:39:58.290 [main] INFO  eu.operando.moduleclients.ClientAuthenticationApiOperandoClient requestServiceTicketUsingTgt - Requesting new ST
2016-10-14 15:39:58.292 [main] INFO  eu.operando.moduleclients.ClientAuthenticationApiOperandoClient updateTgt - Requesting new TGT
2016-10-14 15:39:58.292 [main] INFO  eu.operando.moduleclients.ClientAuthenticationApiOperandoClient requestServiceTicketUsingTgt - Requesting new ST
2016-10-14 15:39:58.292 [main] INFO  eu.operando.moduleclients.ClientAuthenticationApiOperandoClient requestServiceTicketUsingTgt - Requesting new ST
2016-10-14 15:39:58.293 [main] INFO  eu.operando.moduleclients.ClientAuthenticationApiOperandoClient updateTgt - Requesting new TGT
2016-10-14 15:39:58.293 [main] INFO  eu.operando.moduleclients.ClientAuthenticationApiOperandoClient requestServiceTicketUsingTgt - Requesting new ST
2016-10-14 15:39:58.294 [main] INFO  eu.operando.moduleclients.ClientAuthenticationApiOperandoClient updateTgt - Requesting new TGT
2016-10-14 15:39:58.295 [main] INFO  eu.operando.moduleclients.ClientAuthenticationApiOperandoClient updateTgt - Requesting new TGT
2016-10-14 15:39:58.295 [main] INFO  eu.operando.moduleclients.ClientAuthenticationApiOperandoClient requestServiceTicketUsingTgt - Requesting new ST
2016-10-14 15:42:47.888 [main] INFO  eu.operando.moduleclients.ClientAuthenticationApiOperandoClient updateTgt - Requesting new TGT
2016-10-14 15:42:47.890 [main] INFO  eu.operando.moduleclients.ClientAuthenticationApiOperandoClient requestServiceTicketUsingTgt - Requesting new ST
2016-10-14 15:42:47.891 [main] INFO  eu.operando.moduleclients.ClientAuthenticationApiOperandoClient updateTgt - Requesting new TGT
2016-10-14 15:42:47.892 [main] INFO  eu.operando.moduleclients.ClientAuthenticationApiOperandoClient requestServiceTicketUsingTgt - Requesting new ST
2016-10-14 15:42:47.894 [main] INFO  eu.operando.moduleclients.ClientAuthenticationApiOperandoClient requestServiceTicket - TGT invalid
2016-10-14 15:42:47.895 [main] INFO  eu.operando.moduleclients.ClientAuthenticationApiOperandoClient updateTgt - Requesting new TGT
2016-10-14 15:42:47.895 [main] INFO  eu.operando.moduleclients.ClientAuthenticationApiOperandoClient requestServiceTicketUsingTgt - Requesting new ST
2016-10-14 15:42:47.896 [main] INFO  eu.operando.moduleclients.ClientAuthenticationApiOperandoClient updateTgt - Requesting new TGT
2016-10-14 15:42:47.896 [main] INFO  eu.operando.moduleclients.ClientAuthenticationApiOperandoClient requestServiceTicketUsingTgt - Requesting new ST
2016-10-14 15:42:47.896 [main] INFO  eu.operando.moduleclients.ClientAuthenticationApiOperandoClient requestServiceTicketUsingTgt - Requesting new ST
2016-10-14 15:42:47.897 [main] INFO  eu.operando.moduleclients.ClientAuthenticationApiOperandoClient updateTgt - Requesting new TGT
2016-10-14 15:42:47.897 [main] INFO  eu.operando.moduleclients.ClientAuthenticationApiOperandoClient requestServiceTicketUsingTgt - Requesting new ST
2016-10-14 15:42:47.898 [main] INFO  eu.operando.moduleclients.ClientAuthenticationApiOperandoClient updateTgt - Requesting new TGT
2016-10-14 15:42:47.899 [main] INFO  eu.operando.moduleclients.ClientAuthenticationApiOperandoClient updateTgt - Requesting new TGT
2016-10-14 15:42:47.899 [main] INFO  eu.operando.moduleclients.ClientAuthenticationApiOperandoClient requestServiceTicketUsingTgt - Requesting new ST
2016-10-14 15:43:40.220 [main] INFO  eu.operando.moduleclients.ClientAuthenticationApiOperandoClient updateTgt - Requesting new TGT
2016-10-14 15:43:40.222 [main] INFO  eu.operando.moduleclients.ClientAuthenticationApiOperandoClient requestServiceTicketUsingTgt - Requesting new ST
2016-10-14 15:43:40.224 [main] INFO  eu.operando.moduleclients.ClientAuthenticationApiOperandoClient updateTgt - Requesting new TGT
2016-10-14 15:43:40.224 [main] INFO  eu.operando.moduleclients.ClientAuthenticationApiOperandoClient requestServiceTicketUsingTgt - Requesting new ST
2016-10-14 15:43:40.227 [main] INFO  eu.operando.moduleclients.ClientAuthenticationApiOperandoClient requestServiceTicket - TGT invalid
2016-10-14 15:43:40.227 [main] INFO  eu.operando.moduleclients.ClientAuthenticationApiOperandoClient updateTgt - Requesting new TGT
2016-10-14 15:43:40.227 [main] INFO  eu.operando.moduleclients.ClientAuthenticationApiOperandoClient requestServiceTicketUsingTgt - Requesting new ST
2016-10-14 15:43:40.228 [main] INFO  eu.operando.moduleclients.ClientAuthenticationApiOperandoClient updateTgt - Requesting new TGT
2016-10-14 15:43:40.228 [main] INFO  eu.operando.moduleclients.ClientAuthenticationApiOperandoClient requestServiceTicketUsingTgt - Requesting new ST
2016-10-14 15:43:40.228 [main] INFO  eu.operando.moduleclients.ClientAuthenticationApiOperandoClient requestServiceTicketUsingTgt - Requesting new ST
2016-10-14 15:43:40.229 [main] INFO  eu.operando.moduleclients.ClientAuthenticationApiOperandoClient updateTgt - Requesting new TGT
2016-10-14 15:43:40.229 [main] INFO  eu.operando.moduleclients.ClientAuthenticationApiOperandoClient requestServiceTicketUsingTgt - Requesting new ST
2016-10-14 15:43:40.230 [main] INFO  eu.operando.moduleclients.ClientAuthenticationApiOperandoClient updateTgt - Requesting new TGT
2016-10-14 15:43:40.231 [main] INFO  eu.operando.moduleclients.ClientAuthenticationApiOperandoClient updateTgt - Requesting new TGT
2016-10-14 15:43:40.231 [main] INFO  eu.operando.moduleclients.ClientAuthenticationApiOperandoClient requestServiceTicketUsingTgt - Requesting new ST
2016-10-14 15:46:04.574 [main] INFO  eu.operando.moduleclients.ClientAuthenticationApiOperandoClient updateTgt - Requesting new TGT
2016-10-14 15:46:04.577 [main] INFO  eu.operando.moduleclients.ClientAuthenticationApiOperandoClient requestServiceTicketUsingTgt - Requesting new ST
2016-10-14 15:46:04.579 [main] INFO  eu.operando.moduleclients.ClientAuthenticationApiOperandoClient updateTgt - Requesting new TGT
2016-10-14 15:46:04.579 [main] INFO  eu.operando.moduleclients.ClientAuthenticationApiOperandoClient requestServiceTicketUsingTgt - Requesting new ST
2016-10-14 15:46:04.582 [main] INFO  eu.operando.moduleclients.ClientAuthenticationApiOperandoClient requestServiceTicket - TGT invalid
2016-10-14 15:46:04.583 [main] INFO  eu.operando.moduleclients.ClientAuthenticationApiOperandoClient updateTgt - Requesting new TGT
2016-10-14 15:46:04.583 [main] INFO  eu.operando.moduleclients.ClientAuthenticationApiOperandoClient requestServiceTicketUsingTgt - Requesting new ST
2016-10-14 15:46:04.584 [main] INFO  eu.operando.moduleclients.ClientAuthenticationApiOperandoClient updateTgt - Requesting new TGT
2016-10-14 15:46:04.584 [main] INFO  eu.operando.moduleclients.ClientAuthenticationApiOperandoClient requestServiceTicketUsingTgt - Requesting new ST
2016-10-14 15:46:04.584 [main] INFO  eu.operando.moduleclients.ClientAuthenticationApiOperandoClient requestServiceTicketUsingTgt - Requesting new ST
2016-10-14 15:46:04.585 [main] INFO  eu.operando.moduleclients.ClientAuthenticationApiOperandoClient updateTgt - Requesting new TGT
2016-10-14 15:46:04.585 [main] INFO  eu.operando.moduleclients.ClientAuthenticationApiOperandoClient requestServiceTicketUsingTgt - Requesting new ST
2016-10-14 15:46:04.586 [main] INFO  eu.operando.moduleclients.ClientAuthenticationApiOperandoClient updateTgt - Requesting new TGT
2016-10-14 15:46:04.586 [main] INFO  eu.operando.moduleclients.ClientAuthenticationApiOperandoClient updateTgt - Requesting new TGT
2016-10-14 15:46:04.586 [main] INFO  eu.operando.moduleclients.ClientAuthenticationApiOperandoClient requestServiceTicketUsingTgt - Requesting new ST
2016-10-14 15:47:55.704 [main] INFO  eu.operando.moduleclients.ClientAuthenticationApiOperandoClient updateTgt - Requesting new TGT
2016-10-14 15:47:55.706 [main] INFO  eu.operando.moduleclients.ClientAuthenticationApiOperandoClient requestServiceTicketUsingTgt - Requesting new ST
2016-10-14 15:47:55.709 [main] INFO  eu.operando.moduleclients.ClientAuthenticationApiOperandoClient updateTgt - Requesting new TGT
2016-10-14 15:47:55.709 [main] INFO  eu.operando.moduleclients.ClientAuthenticationApiOperandoClient requestServiceTicketUsingTgt - Requesting new ST
2016-10-14 15:47:55.713 [main] INFO  eu.operando.moduleclients.ClientAuthenticationApiOperandoClient requestServiceTicket - TGT invalid
2016-10-14 15:47:55.713 [main] INFO  eu.operando.moduleclients.ClientAuthenticationApiOperandoClient updateTgt - Requesting new TGT
2016-10-14 15:47:55.713 [main] INFO  eu.operando.moduleclients.ClientAuthenticationApiOperandoClient requestServiceTicketUsingTgt - Requesting new ST
2016-10-14 15:47:55.714 [main] INFO  eu.operando.moduleclients.ClientAuthenticationApiOperandoClient updateTgt - Requesting new TGT
2016-10-14 15:47:55.715 [main] INFO  eu.operando.moduleclients.ClientAuthenticationApiOperandoClient requestServiceTicketUsingTgt - Requesting new ST
2016-10-14 15:47:55.715 [main] INFO  eu.operando.moduleclients.ClientAuthenticationApiOperandoClient requestServiceTicketUsingTgt - Requesting new ST
2016-10-14 15:47:55.716 [main] INFO  eu.operando.moduleclients.ClientAuthenticationApiOperandoClient updateTgt - Requesting new TGT
2016-10-14 15:47:55.716 [main] INFO  eu.operando.moduleclients.ClientAuthenticationApiOperandoClient requestServiceTicketUsingTgt - Requesting new ST
2016-10-14 15:47:55.718 [main] INFO  eu.operando.moduleclients.ClientAuthenticationApiOperandoClient updateTgt - Requesting new TGT
2016-10-14 15:47:55.719 [main] INFO  eu.operando.moduleclients.ClientAuthenticationApiOperandoClient updateTgt - Requesting new TGT
2016-10-14 15:47:55.719 [main] INFO  eu.operando.moduleclients.ClientAuthenticationApiOperandoClient requestServiceTicketUsingTgt - Requesting new ST
2016-10-14 15:52:02.835 [main] INFO  eu.operando.moduleclients.ClientAuthenticationApiOperandoClient updateTgt - Requesting new TGT
2016-10-14 15:52:02.836 [main] INFO  eu.operando.moduleclients.ClientAuthenticationApiOperandoClient requestServiceTicketUsingTgt - Requesting new ST
2016-10-14 15:52:02.838 [main] INFO  eu.operando.moduleclients.ClientAuthenticationApiOperandoClient updateTgt - Requesting new TGT
2016-10-14 15:52:02.838 [main] INFO  eu.operando.moduleclients.ClientAuthenticationApiOperandoClient requestServiceTicketUsingTgt - Requesting new ST
2016-10-14 15:52:02.840 [main] INFO  eu.operando.moduleclients.ClientAuthenticationApiOperandoClient requestServiceTicket - TGT invalid
2016-10-14 15:52:02.840 [main] INFO  eu.operando.moduleclients.ClientAuthenticationApiOperandoClient updateTgt - Requesting new TGT
2016-10-14 15:52:02.840 [main] INFO  eu.operando.moduleclients.ClientAuthenticationApiOperandoClient requestServiceTicketUsingTgt - Requesting new ST
2016-10-14 15:52:02.841 [main] INFO  eu.operando.moduleclients.ClientAuthenticationApiOperandoClient updateTgt - Requesting new TGT
2016-10-14 15:52:02.841 [main] INFO  eu.operando.moduleclients.ClientAuthenticationApiOperandoClient requestServiceTicketUsingTgt - Requesting new ST
2016-10-14 15:52:02.841 [main] INFO  eu.operando.moduleclients.ClientAuthenticationApiOperandoClient requestServiceTicketUsingTgt - Requesting new ST
2016-10-14 15:52:02.842 [main] INFO  eu.operando.moduleclients.ClientAuthenticationApiOperandoClient updateTgt - Requesting new TGT
2016-10-14 15:52:02.842 [main] INFO  eu.operando.moduleclients.ClientAuthenticationApiOperandoClient requestServiceTicketUsingTgt - Requesting new ST
2016-10-14 15:52:02.843 [main] INFO  eu.operando.moduleclients.ClientAuthenticationApiOperandoClient updateTgt - Requesting new TGT
2016-10-14 15:52:02.843 [main] INFO  eu.operando.moduleclients.ClientAuthenticationApiOperandoClient updateTgt - Requesting new TGT
2016-10-14 15:52:02.843 [main] INFO  eu.operando.moduleclients.ClientAuthenticationApiOperandoClient requestServiceTicketUsingTgt - Requesting new ST
2016-10-14 15:52:08.208 [main] INFO  eu.operando.moduleclients.ClientAuthenticationApiOperandoClient updateTgt - Requesting new TGT
2016-10-14 15:52:08.210 [main] INFO  eu.operando.moduleclients.ClientAuthenticationApiOperandoClient requestServiceTicketUsingTgt - Requesting new ST
2016-10-14 15:52:08.212 [main] INFO  eu.operando.moduleclients.ClientAuthenticationApiOperandoClient updateTgt - Requesting new TGT
2016-10-14 15:52:08.212 [main] INFO  eu.operando.moduleclients.ClientAuthenticationApiOperandoClient requestServiceTicketUsingTgt - Requesting new ST
2016-10-14 15:52:08.215 [main] INFO  eu.operando.moduleclients.ClientAuthenticationApiOperandoClient requestServiceTicket - TGT invalid
2016-10-14 15:52:08.215 [main] INFO  eu.operando.moduleclients.ClientAuthenticationApiOperandoClient updateTgt - Requesting new TGT
2016-10-14 15:52:08.215 [main] INFO  eu.operando.moduleclients.ClientAuthenticationApiOperandoClient requestServiceTicketUsingTgt - Requesting new ST
2016-10-14 15:52:08.216 [main] INFO  eu.operando.moduleclients.ClientAuthenticationApiOperandoClient updateTgt - Requesting new TGT
2016-10-14 15:52:08.216 [main] INFO  eu.operando.moduleclients.ClientAuthenticationApiOperandoClient requestServiceTicketUsingTgt - Requesting new ST
2016-10-14 15:52:08.216 [main] INFO  eu.operando.moduleclients.ClientAuthenticationApiOperandoClient requestServiceTicketUsingTgt - Requesting new ST
2016-10-14 15:52:08.217 [main] INFO  eu.operando.moduleclients.ClientAuthenticationApiOperandoClient updateTgt - Requesting new TGT
2016-10-14 15:52:08.217 [main] INFO  eu.operando.moduleclients.ClientAuthenticationApiOperandoClient requestServiceTicketUsingTgt - Requesting new ST
2016-10-14 15:52:08.218 [main] INFO  eu.operando.moduleclients.ClientAuthenticationApiOperandoClient updateTgt - Requesting new TGT
2016-10-14 15:52:08.219 [main] INFO  eu.operando.moduleclients.ClientAuthenticationApiOperandoClient updateTgt - Requesting new TGT
2016-10-14 15:52:08.219 [main] INFO  eu.operando.moduleclients.ClientAuthenticationApiOperandoClient requestServiceTicketUsingTgt - Requesting new ST
2016-10-14 16:04:05.605 [main] INFO  eu.operando.moduleclients.ClientAuthenticationApiOperandoClient updateTgt - Requesting new TGT
2016-10-14 16:04:05.607 [main] INFO  eu.operando.moduleclients.ClientAuthenticationApiOperandoClient requestServiceTicketUsingTgt - Requesting new ST
2016-10-14 16:04:05.609 [main] INFO  eu.operando.moduleclients.ClientAuthenticationApiOperandoClient updateTgt - Requesting new TGT
2016-10-14 16:04:05.610 [main] INFO  eu.operando.moduleclients.ClientAuthenticationApiOperandoClient requestServiceTicketUsingTgt - Requesting new ST
2016-10-14 16:04:05.612 [main] INFO  eu.operando.moduleclients.ClientAuthenticationApiOperandoClient requestServiceTicket - TGT invalid
2016-10-14 16:04:05.613 [main] INFO  eu.operando.moduleclients.ClientAuthenticationApiOperandoClient updateTgt - Requesting new TGT
2016-10-14 16:04:05.613 [main] INFO  eu.operando.moduleclients.ClientAuthenticationApiOperandoClient requestServiceTicketUsingTgt - Requesting new ST
2016-10-14 16:04:05.614 [main] INFO  eu.operando.moduleclients.ClientAuthenticationApiOperandoClient updateTgt - Requesting new TGT
2016-10-14 16:04:05.614 [main] INFO  eu.operando.moduleclients.ClientAuthenticationApiOperandoClient requestServiceTicketUsingTgt - Requesting new ST
2016-10-14 16:04:05.614 [main] INFO  eu.operando.moduleclients.ClientAuthenticationApiOperandoClient requestServiceTicketUsingTgt - Requesting new ST
2016-10-14 16:04:05.615 [main] INFO  eu.operando.moduleclients.ClientAuthenticationApiOperandoClient updateTgt - Requesting new TGT
2016-10-14 16:04:05.615 [main] INFO  eu.operando.moduleclients.ClientAuthenticationApiOperandoClient requestServiceTicketUsingTgt - Requesting new ST
2016-10-14 16:04:05.616 [main] INFO  eu.operando.moduleclients.ClientAuthenticationApiOperandoClient updateTgt - Requesting new TGT
2016-10-14 16:04:05.616 [main] INFO  eu.operando.moduleclients.ClientAuthenticationApiOperandoClient updateTgt - Requesting new TGT
2016-10-14 16:04:05.617 [main] INFO  eu.operando.moduleclients.ClientAuthenticationApiOperandoClient requestServiceTicketUsingTgt - Requesting new ST
2016-10-14 16:05:23.597 [main] INFO  eu.operando.moduleclients.ClientAuthenticationApiOperandoClient updateTgt - Requesting new TGT
2016-10-14 16:05:23.599 [main] INFO  eu.operando.moduleclients.ClientAuthenticationApiOperandoClient requestServiceTicketUsingTgt - Requesting new ST
2016-10-14 16:05:23.601 [main] INFO  eu.operando.moduleclients.ClientAuthenticationApiOperandoClient updateTgt - Requesting new TGT
2016-10-14 16:05:23.601 [main] INFO  eu.operando.moduleclients.ClientAuthenticationApiOperandoClient requestServiceTicketUsingTgt - Requesting new ST
2016-10-14 16:05:23.604 [main] INFO  eu.operando.moduleclients.ClientAuthenticationApiOperandoClient requestServiceTicket - TGT invalid
2016-10-14 16:05:23.605 [main] INFO  eu.operando.moduleclients.ClientAuthenticationApiOperandoClient updateTgt - Requesting new TGT
2016-10-14 16:05:23.605 [main] INFO  eu.operando.moduleclients.ClientAuthenticationApiOperandoClient requestServiceTicketUsingTgt - Requesting new ST
2016-10-14 16:05:23.606 [main] INFO  eu.operando.moduleclients.ClientAuthenticationApiOperandoClient updateTgt - Requesting new TGT
2016-10-14 16:05:23.606 [main] INFO  eu.operando.moduleclients.ClientAuthenticationApiOperandoClient requestServiceTicketUsingTgt - Requesting new ST
2016-10-14 16:05:23.606 [main] INFO  eu.operando.moduleclients.ClientAuthenticationApiOperandoClient requestServiceTicketUsingTgt - Requesting new ST
2016-10-14 16:05:23.607 [main] INFO  eu.operando.moduleclients.ClientAuthenticationApiOperandoClient updateTgt - Requesting new TGT
2016-10-14 16:05:23.607 [main] INFO  eu.operando.moduleclients.ClientAuthenticationApiOperandoClient requestServiceTicketUsingTgt - Requesting new ST
2016-10-14 16:05:23.607 [main] INFO  eu.operando.moduleclients.ClientAuthenticationApiOperandoClient updateTgt - Requesting new TGT
2016-10-14 16:05:23.608 [main] INFO  eu.operando.moduleclients.ClientAuthenticationApiOperandoClient updateTgt - Requesting new TGT
2016-10-14 16:05:23.608 [main] INFO  eu.operando.moduleclients.ClientAuthenticationApiOperandoClient requestServiceTicketUsingTgt - Requesting new ST
